--- request header ---
GET /ws HTTP/1.1
Upgrade: websocket
Host: api.hyperliquid.xyz
Origin: https://api.hyperliquid.xyz
Sec-WebSocket-Key: tMMMLcdCsx+4jzMTT/Q5ZA==
Sec-WebSocket-Version: 13
Connection: Upgrade


-----------------------
--- response header ---
HTTP/1.1 101 Switching Protocols
Server: nginx/1.22.1
Date: Thu, 19 Dec 2024 22:14:56 GMT
Connection: upgrade
upgrade: websocket
sec-websocket-accept: //AmNsnQ7FlLJt+RcaePPB7ScI4=
access-control-allow-origin: *
vary: origin
vary: access-control-request-method
vary: access-control-request-headers
access-control-expose-headers: *
-----------------------
Websocket connected
WebSocket connection opened
++Sent raw: b'\x81\xc6\xdb\x92\xd3\xb4\xa0\xb0\xbe\xd1\xaf\xfa\xbc\xd0\xf9\xa8\xf3\x96\xa8\xe7\xb1\xc7\xb8\xe0\xba\xd6\xbe\xb0\xff\x94\xf9\xe1\xa7\xc6\xbe\xf3\xbe\x96\xe1\xb2\xf1\xc0\xa9\xf3\xb7\xd1\xa8\xb0\xff\x94\xf9\xe2\xb2\xc6\xba\xff\xa0\x96\xe1\xb2\xa8\x96\xb8\xfd\xba\xda\xf9\xa8\xf3\x96\x99\xc6\x90\x96\xa6\xef'
++Sent decoded: fin=1 opcode=1 data=b'{"method": "subscribe", "stream": "trades", "params": {"coin": "BTC"}}'
++Rcv raw: b'\x81~\x00\xa2{"channel":"error","data":"Error parsing JSON into valid websocket request: {\\"method\\": \\"subscribe\\", \\"stream\\": \\"trades\\", \\"params\\": {\\"coin\\": \\"BTC\\"}}"}'
++Rcv decoded: fin=1 opcode=1 data=b'{"channel":"error","data":"Error parsing JSON into valid websocket request: {\\"method\\": \\"subscribe\\", \\"stream\\": \\"trades\\", \\"params\\": {\\"coin\\": \\"BTC\\"}}"}'
WebSocket error: Connection to remote host was lost.
Connection to remote host was lost. - goodbye
WebSocket connection closed
